# JRE version: OpenJDK Runtime Environment Temurin-17.0.6+10 (17.0.6+10) (build 17.0.6+10)
# Java VM: OpenJDK 64-Bit Server VM Temurin-17.0.6+10 (17.0.6+10, mixed mode, tiered, compressed oops, compressed class ptrs, parallel gc, windows-amd64)
GC Precious Log:
 CPUs: 12 total, 12 available
 Memory: 16302M
 Large Page Support: Disabled
 NUMA Support: Disabled
 Compressed Oops: Enabled (32-bit)
 Alignments: Space 512K, Generation 512K, Heap 2M
 Heap Min Capacity: 100M
 Heap Initial Capacity: 100M
 Heap Max Capacity: 1G
 Pre-touch: Disabled
 Parallel Workers: 10
Heap:
 PSYoungGen      total 5120K, used 2183K [0x00000000eab00000, 0x00000000eb100000, 0x0000000100000000)
  eden space 4096K, 39% used [0x00000000eab00000,0x00000000eac91f18,0x00000000eaf00000)
  from space 1024K, 56% used [0x00000000eb000000,0x00000000eb090000,0x00000000eb100000)
  to   space 1024K, 0% used [0x00000000eaf00000,0x00000000eaf00000,0x00000000eb000000)
 ParOldGen       total 83968K, used 71722K [0x00000000c0000000, 0x00000000c5200000, 0x00000000eab00000)
  object space 83968K, 85% used [0x00000000c0000000,0x00000000c460aaa0,0x00000000c5200000)
 Metaspace       used 93496K, committed 94592K, reserved 1138688K
  class space    used 9907K, committed 10368K, reserved 1048576K
GC Heap History (20 events):
Event: 2655.648 GC heap before
{Heap before GC invocations=5580 (full 207):
 PSYoungGen      total 3072K, used 2816K [0x00000000eab00000, 0x00000000eaf00000, 0x0000000100000000)
  eden space 2560K, 100% used [0x00000000eab00000,0x00000000ead80000,0x00000000ead80000)
  from space 512K, 50% used [0x00000000eae80000,0x00000000eaec0000,0x00000000eaf00000)
  to   space 512K, 0% used [0x00000000eae00000,0x00000000eae00000,0x00000000eae80000)
 ParOldGen       total 83968K, used 63300K [0x00000000c0000000, 0x00000000c5200000, 0x00000000eab00000)
  object space 83968K, 75% used [0x00000000c0000000,0x00000000c3dd1090,0x00000000c5200000)
 Metaspace       used 93496K, committed 94592K, reserved 1138688K
  class space    used 9907K, committed 10368K, reserved 1048576K
}
Event: 2655.649 GC heap after
{Heap after GC invocations=5580 (full 207):
 PSYoungGen      total 3072K, used 512K [0x00000000eab00000, 0x00000000eaf80000, 0x0000000100000000)
  eden space 2560K, 0% used [0x00000000eab00000,0x00000000eab00000,0x00000000ead80000)
  from space 512K, 100% used [0x00000000eae00000,0x00000000eae80000,0x00000000eae80000)
  to   space 1024K, 0% used [0x00000000eae80000,0x00000000eae80000,0x00000000eaf80000)
 ParOldGen       total 83968K, used 63388K [0x00000000c0000000, 0x00000000c5200000, 0x00000000eab00000)
  object space 83968K, 75% used [0x00000000c0000000,0x00000000c3de7090,0x00000000c5200000)
 Metaspace       used 93496K, committed 94592K, reserved 1138688K
  class space    used 9907K, committed 10368K, reserved 1048576K
}
Event: 2655.654 GC heap before
{Heap before GC invocations=5581 (full 207):
 PSYoungGen      total 3072K, used 3072K [0x00000000eab00000, 0x00000000eaf80000, 0x0000000100000000)
  eden space 2560K, 100% used [0x00000000eab00000,0x00000000ead80000,0x00000000ead80000)
  from space 512K, 100% used [0x00000000eae00000,0x00000000eae80000,0x00000000eae80000)
  to   space 1024K, 0% used [0x00000000eae80000,0x00000000eae80000,0x00000000eaf80000)
 ParOldGen       total 83968K, used 63388K [0x00000000c0000000, 0x00000000c5200000, 0x00000000eab00000)
  object space 83968K, 75% used [0x00000000c0000000,0x00000000c3de7090,0x00000000c5200000)
 Metaspace       used 93496K, committed 94592K, reserved 1138688K
  class space    used 9907K, committed 10368K, reserved 1048576K
}
Event: 2655.654 GC heap after
{Heap after GC invocations=5581 (full 207):
 PSYoungGen      total 3072K, used 1008K [0x00000000eab00000, 0x00000000eb080000, 0x0000000100000000)
  eden space 2048K, 0% used [0x00000000eab00000,0x00000000eab00000,0x00000000ead00000)
  from space 1024K, 98% used [0x00000000eae80000,0x00000000eaf7c010,0x00000000eaf80000)
  to   space 1536K, 0% used [0x00000000ead00000,0x00000000ead00000,0x00000000eae80000)
 ParOldGen       total 83968K, used 63851K [0x00000000c0000000, 0x00000000c5200000, 0x00000000eab00000)
  object space 83968K, 76% used [0x00000000c0000000,0x00000000c3e5ad10,0x00000000c5200000)
 Metaspace       used 93496K, committed 94592K, reserved 1138688K
  class space    used 9907K, committed 10368K, reserved 1048576K
}
Event: 2655.658 GC heap before
{Heap before GC invocations=5582 (full 207):
 PSYoungGen      total 3072K, used 3056K [0x00000000eab00000, 0x00000000eb080000, 0x0000000100000000)
  eden space 2048K, 100% used [0x00000000eab00000,0x00000000ead00000,0x00000000ead00000)
  from space 1024K, 98% used [0x00000000eae80000,0x00000000eaf7c010,0x00000000eaf80000)
  to   space 1536K, 0% used [0x00000000ead00000,0x00000000ead00000,0x00000000eae80000)
 ParOldGen       total 83968K, used 63851K [0x00000000c0000000, 0x00000000c5200000, 0x00000000eab00000)
  object space 83968K, 76% used [0x00000000c0000000,0x00000000c3e5ad10,0x00000000c5200000)
 Metaspace       used 93496K, committed 94592K, reserved 1138688K
  class space    used 9907K, committed 10368K, reserved 1048576K
}
Event: 2655.659 GC heap after
{Heap after GC invocations=5582 (full 207):
 PSYoungGen      total 3072K, used 640K [0x00000000eab00000, 0x00000000eaf00000, 0x0000000100000000)
  eden space 2048K, 0% used [0x00000000eab00000,0x00000000eab00000,0x00000000ead00000)
  from space 1024K, 62% used [0x00000000ead00000,0x00000000eada0000,0x00000000eae00000)
  to   space 1024K, 0% used [0x00000000eae00000,0x00000000eae00000,0x00000000eaf00000)
 ParOldGen       total 83968K, used 64688K [0x00000000c0000000, 0x00000000c5200000, 0x00000000eab00000)
  object space 83968K, 77% used [0x00000000c0000000,0x00000000c3f2c200,0x00000000c5200000)
 Metaspace       used 93496K, committed 94592K, reserved 1138688K
  class space    used 9907K, committed 10368K, reserved 1048576K
}
Event: 2655.660 GC heap before
{Heap before GC invocations=5583 (full 207):
 PSYoungGen      total 3072K, used 2558K [0x00000000eab00000, 0x00000000eaf00000, 0x0000000100000000)
  eden space 2048K, 93% used [0x00000000eab00000,0x00000000eacdf8f0,0x00000000ead00000)
  from space 1024K, 62% used [0x00000000ead00000,0x00000000eada0000,0x00000000eae00000)
  to   space 1024K, 0% used [0x00000000eae00000,0x00000000eae00000,0x00000000eaf00000)
 ParOldGen       total 83968K, used 64688K [0x00000000c0000000, 0x00000000c5200000, 0x00000000eab00000)
  object space 83968K, 77% used [0x00000000c0000000,0x00000000c3f2c200,0x00000000c5200000)
 Metaspace       used 93496K, committed 94592K, reserved 1138688K
  class space    used 9907K, committed 10368K, reserved 1048576K
}
Event: 2655.661 GC heap after
{Heap after GC invocations=5583 (full 207):
 PSYoungGen      total 3072K, used 814K [0x00000000eab00000, 0x00000000eaf00000, 0x0000000100000000)
  eden space 2048K, 0% used [0x00000000eab00000,0x00000000eab00000,0x00000000ead00000)
  from space 1024K, 79% used [0x00000000eae00000,0x00000000eaecb940,0x00000000eaf00000)
  to   space 1024K, 0% used [0x00000000ead00000,0x00000000ead00000,0x00000000eae00000)
 ParOldGen       total 83968K, used 65250K [0x00000000c0000000, 0x00000000c5200000, 0x00000000eab00000)
  object space 83968K, 77% used [0x00000000c0000000,0x00000000c3fb8b00,0x00000000c5200000)
 Metaspace       used 93496K, committed 94592K, reserved 1138688K
  class space    used 9907K, committed 10368K, reserved 1048576K
}
Event: 2655.663 GC heap before
{Heap before GC invocations=5584 (full 207):
 PSYoungGen      total 3072K, used 2862K [0x00000000eab00000, 0x00000000eaf00000, 0x0000000100000000)
  eden space 2048K, 100% used [0x00000000eab00000,0x00000000ead00000,0x00000000ead00000)
  from space 1024K, 79% used [0x00000000eae00000,0x00000000eaecb940,0x00000000eaf00000)
  to   space 1024K, 0% used [0x00000000ead00000,0x00000000ead00000,0x00000000eae00000)
 ParOldGen       total 83968K, used 65250K [0x00000000c0000000, 0x00000000c5200000, 0x00000000eab00000)
  object space 83968K, 77% used [0x00000000c0000000,0x00000000c3fb8b00,0x00000000c5200000)
 Metaspace       used 93496K, committed 94592K, reserved 1138688K
  class space    used 9907K, committed 10368K, reserved 1048576K
}
Event: 2655.664 GC heap after
{Heap after GC invocations=5584 (full 207):
 PSYoungGen      total 3072K, used 1022K [0x00000000eab00000, 0x00000000eb200000, 0x0000000100000000)
  eden space 2048K, 0% used [0x00000000eab00000,0x00000000eab00000,0x00000000ead00000)
  from space 1024K, 99% used [0x00000000ead00000,0x00000000eadff930,0x00000000eae00000)
  to   space 2560K, 0% used [0x00000000eaf80000,0x00000000eaf80000,0x00000000eb200000)
 ParOldGen       total 83968K, used 66425K [0x00000000c0000000, 0x00000000c5200000, 0x00000000eab00000)
  object space 83968K, 79% used [0x00000000c0000000,0x00000000c40de700,0x00000000c5200000)
 Metaspace       used 93496K, committed 94592K, reserved 1138688K
  class space    used 9907K, committed 10368K, reserved 1048576K
}
Event: 2655.666 GC heap before
{Heap before GC invocations=5585 (full 207):
 PSYoungGen      total 3072K, used 3070K [0x00000000eab00000, 0x00000000eb200000, 0x0000000100000000)
  eden space 2048K, 100% used [0x00000000eab00000,0x00000000ead00000,0x00000000ead00000)
  from space 1024K, 99% used [0x00000000ead00000,0x00000000eadff930,0x00000000eae00000)
  to   space 2560K, 0% used [0x00000000eaf80000,0x00000000eaf80000,0x00000000eb200000)
 ParOldGen       total 83968K, used 66425K [0x00000000c0000000, 0x00000000c5200000, 0x00000000eab00000)
  object space 83968K, 79% used [0x00000000c0000000,0x00000000c40de700,0x00000000c5200000)
 Metaspace       used 93496K, committed 94592K, reserved 1138688K
  class space    used 9907K, committed 10368K, reserved 1048576K
}
Event: 2655.667 GC heap after
{Heap after GC invocations=5585 (full 207):
 PSYoungGen      total 4608K, used 1472K [0x00000000eab00000, 0x00000000eb180000, 0x0000000100000000)
  eden space 2560K, 0% used [0x00000000eab00000,0x00000000eab00000,0x00000000ead80000)
  from space 2048K, 71% used [0x00000000eaf80000,0x00000000eb0f0000,0x00000000eb180000)
  to   space 2048K, 0% used [0x00000000ead80000,0x00000000ead80000,0x00000000eaf80000)
 ParOldGen       total 83968K, used 67484K [0x00000000c0000000, 0x00000000c5200000, 0x00000000eab00000)
  object space 83968K, 80% used [0x00000000c0000000,0x00000000c41e7040,0x00000000c5200000)
 Metaspace       used 93496K, committed 94592K, reserved 1138688K
  class space    used 9907K, committed 10368K, reserved 1048576K
}
Event: 2655.670 GC heap before
{Heap before GC invocations=5586 (full 207):
 PSYoungGen      total 4608K, used 4032K [0x00000000eab00000, 0x00000000eb180000, 0x0000000100000000)
  eden space 2560K, 100% used [0x00000000eab00000,0x00000000ead80000,0x00000000ead80000)
  from space 2048K, 71% used [0x00000000eaf80000,0x00000000eb0f0000,0x00000000eb180000)
  to   space 2048K, 0% used [0x00000000ead80000,0x00000000ead80000,0x00000000eaf80000)
 ParOldGen       total 83968K, used 67484K [0x00000000c0000000, 0x00000000c5200000, 0x00000000eab00000)
  object space 83968K, 80% used [0x00000000c0000000,0x00000000c41e7040,0x00000000c5200000)
 Metaspace       used 93496K, committed 94592K, reserved 1138688K
  class space    used 9907K, committed 10368K, reserved 1048576K
}
Event: 2655.672 GC heap after
{Heap after GC invocations=5586 (full 207):
 PSYoungGen      total 4608K, used 1632K [0x00000000eab00000, 0x00000000eb200000, 0x0000000100000000)
  eden space 2560K, 0% used [0x00000000eab00000,0x00000000eab00000,0x00000000ead80000)
  from space 2048K, 79% used [0x00000000ead80000,0x00000000eaf18000,0x00000000eaf80000)
  to   space 2048K, 0% used [0x00000000eb000000,0x00000000eb000000,0x00000000eb200000)
 ParOldGen       total 83968K, used 68802K [0x00000000c0000000, 0x00000000c5200000, 0x00000000eab00000)
  object space 83968K, 81% used [0x00000000c0000000,0x00000000c4330b60,0x00000000c5200000)
 Metaspace       used 93496K, committed 94592K, reserved 1138688K
  class space    used 9907K, committed 10368K, reserved 1048576K
}
Event: 2655.675 GC heap before
{Heap before GC invocations=5587 (full 207):
 PSYoungGen      total 4608K, used 4192K [0x00000000eab00000, 0x00000000eb200000, 0x0000000100000000)
  eden space 2560K, 100% used [0x00000000eab00000,0x00000000ead80000,0x00000000ead80000)
  from space 2048K, 79% used [0x00000000ead80000,0x00000000eaf18000,0x00000000eaf80000)
  to   space 2048K, 0% used [0x00000000eb000000,0x00000000eb000000,0x00000000eb200000)
 ParOldGen       total 83968K, used 68802K [0x00000000c0000000, 0x00000000c5200000, 0x00000000eab00000)
  object space 83968K, 81% used [0x00000000c0000000,0x00000000c4330b60,0x00000000c5200000)
 Metaspace       used 93496K, committed 94592K, reserved 1138688K
  class space    used 9907K, committed 10368K, reserved 1048576K
}
Event: 2655.676 GC heap after
{Heap after GC invocations=5587 (full 207):
 PSYoungGen      total 4096K, used 1024K [0x00000000eab00000, 0x00000000eb100000, 0x0000000100000000)
  eden space 3072K, 0% used [0x00000000eab00000,0x00000000eab00000,0x00000000eae00000)
  from space 1024K, 100% used [0x00000000eb000000,0x00000000eb100000,0x00000000eb100000)
  to   space 1536K, 0% used [0x00000000eae00000,0x00000000eae00000,0x00000000eaf80000)
 ParOldGen       total 83968K, used 70221K [0x00000000c0000000, 0x00000000c5200000, 0x00000000eab00000)
  object space 83968K, 83% used [0x00000000c0000000,0x00000000c4493460,0x00000000c5200000)
 Metaspace       used 93496K, committed 94592K, reserved 1138688K
  class space    used 9907K, committed 10368K, reserved 1048576K
}
Event: 2655.678 GC heap before
{Heap before GC invocations=5588 (full 207):
 PSYoungGen      total 4096K, used 4096K [0x00000000eab00000, 0x00000000eb100000, 0x0000000100000000)
  eden space 3072K, 100% used [0x00000000eab00000,0x00000000eae00000,0x00000000eae00000)
  from space 1024K, 100% used [0x00000000eb000000,0x00000000eb100000,0x00000000eb100000)
  to   space 1536K, 0% used [0x00000000eae00000,0x00000000eae00000,0x00000000eaf80000)
 ParOldGen       total 83968K, used 70221K [0x00000000c0000000, 0x00000000c5200000, 0x00000000eab00000)
  object space 83968K, 83% used [0x00000000c0000000,0x00000000c4493460,0x00000000c5200000)
 Metaspace       used 93496K, committed 94592K, reserved 1138688K
  class space    used 9907K, committed 10368K, reserved 1048576K
}
Event: 2655.679 GC heap after
{Heap after GC invocations=5588 (full 207):
 PSYoungGen      total 4608K, used 912K [0x00000000eab00000, 0x00000000eb100000, 0x0000000100000000)
  eden space 3072K, 0% used [0x00000000eab00000,0x00000000eab00000,0x00000000eae00000)
  from space 1536K, 59% used [0x00000000eae00000,0x00000000eaee4010,0x00000000eaf80000)
  to   space 1024K, 0% used [0x00000000eb000000,0x00000000eb000000,0x00000000eb100000)
 ParOldGen       total 83968K, used 71051K [0x00000000c0000000, 0x00000000c5200000, 0x00000000eab00000)
  object space 83968K, 84% used [0x00000000c0000000,0x00000000c4562f80,0x00000000c5200000)
 Metaspace       used 93496K, committed 94592K, reserved 1138688K
  class space    used 9907K, committed 10368K, reserved 1048576K
}
Event: 2655.681 GC heap before
{Heap before GC invocations=5589 (full 207):
 PSYoungGen      total 4608K, used 3984K [0x00000000eab00000, 0x00000000eb100000, 0x0000000100000000)
  eden space 3072K, 100% used [0x00000000eab00000,0x00000000eae00000,0x00000000eae00000)
  from space 1536K, 59% used [0x00000000eae00000,0x00000000eaee4010,0x00000000eaf80000)
  to   space 1024K, 0% used [0x00000000eb000000,0x00000000eb000000,0x00000000eb100000)
 ParOldGen       total 83968K, used 71051K [0x00000000c0000000, 0x00000000c5200000, 0x00000000eab00000)
  object space 83968K, 84% used [0x00000000c0000000,0x00000000c4562f80,0x00000000c5200000)
 Metaspace       used 93496K, committed 94592K, reserved 1138688K
  class space    used 9907K, committed 10368K, reserved 1048576K
}
Event: 2655.682 GC heap after
{Heap after GC invocations=5589 (full 207):
 PSYoungGen      total 5120K, used 576K [0x00000000eab00000, 0x00000000eb100000, 0x0000000100000000)
  eden space 4096K, 0% used [0x00000000eab00000,0x00000000eab00000,0x00000000eaf00000)
  from space 1024K, 56% used [0x00000000eb000000,0x00000000eb090000,0x00000000eb100000)
  to   space 1024K, 0% used [0x00000000eaf00000,0x00000000eaf00000,0x00000000eb000000)
 ParOldGen       total 83968K, used 71722K [0x00000000c0000000, 0x00000000c5200000, 0x00000000eab00000)
  object space 83968K, 85% used [0x00000000c0000000,0x00000000c460aaa0,0x00000000c5200000)
 Metaspace       used 93496K, committed 94592K, reserved 1138688K
  class space    used 9907K, committed 10368K, reserved 1048576K
}

